<?xml version="1.0" encoding="UTF-8"?>
<testsuite xmlns:xsi="http://www.w3.org/2001/XMLSchema-instance" xsi:noNamespaceSchemaLocation="https://maven.apache.org/surefire/maven-surefire-plugin/xsd/surefire-test-report-3.0.xsd" version="3.0" name="org.example.ArithmeticAppFileTest" time="0.054" tests="5" errors="0" skipped="0" failures="4">
  <properties>
[...]
</properties>
  <testcase name="testCase1" classname="org.example.ArithmeticAppFileTest" time="0.024">
    <failure message="Mismatch in output for in1.txt ==&gt; expected: &lt;The value of expression -A00 - 1B * 11 / 9 + 3D is : -9F6&gt; but was: &lt;-9F6&gt;" type="org.opentest4j.AssertionFailedError"><![CDATA[org.opentest4j.AssertionFailedError: Mismatch in output for in1.txt ==> expected: <The value of expression -A00 - 1B * 11 / 9 + 3D is : -9F6> but was: <-9F6>
	at org.junit.jupiter.api.AssertionFailureBuilder.build(AssertionFailureBuilder.java:151)
	at org.junit.jupiter.api.AssertionFailureBuilder.buildAndThrow(AssertionFailureBuilder.java:132)
	at org.junit.jupiter.api.AssertEquals.failNotEqual(AssertEquals.java:197)
	at org.junit.jupiter.api.AssertEquals.assertEquals(AssertEquals.java:182)
	at org.junit.jupiter.api.Assertions.assertEquals(Assertions.java:1156)
	at org.example/org.example.ArithmeticAppFileTest.testExpressionFromFile(ArithmeticAppTest.java:56)
	at org.example/org.example.ArithmeticAppFileTest.testCase1(ArithmeticAppTest.java:69)
	at java.base/java.lang.reflect.Method.invoke(Method.java:580)
	at java.base/java.util.ArrayList.forEach(ArrayList.java:1597)
	at java.base/java.util.ArrayList.forEach(ArrayList.java:1597)
]]></failure>
    <system-out><![CDATA[The value of expression -A00 - 1B * 11 / 9 + 3D is : -9F6

==== DEBUGGING TEST CASE ====
Test File: in1.txt
Expression: [-A00 - 1B * 11 / 9 + 3D]
Base: [16]
Expected Output: [The value of expression -A00 - 1B * 11 / 9 + 3D is : -9F6]
Actual Output: [-9F6]
==============================

]]></system-out>
  </testcase>
  <testcase name="testCase3" classname="org.example.ArithmeticAppFileTest" time="0.002">
    <failure message="Mismatch in output for in3.txt ==&gt; expected: &lt;The value of expression 1C + 2D + 3F - 4E is : 3A&gt; but was: &lt;3A&gt;" type="org.opentest4j.AssertionFailedError"><![CDATA[org.opentest4j.AssertionFailedError: Mismatch in output for in3.txt ==> expected: <The value of expression 1C + 2D + 3F - 4E is : 3A> but was: <3A>
	at org.junit.jupiter.api.AssertionFailureBuilder.build(AssertionFailureBuilder.java:151)
	at org.junit.jupiter.api.AssertionFailureBuilder.buildAndThrow(AssertionFailureBuilder.java:132)
	at org.junit.jupiter.api.AssertEquals.failNotEqual(AssertEquals.java:197)
	at org.junit.jupiter.api.AssertEquals.assertEquals(AssertEquals.java:182)
	at org.junit.jupiter.api.Assertions.assertEquals(Assertions.java:1156)
	at org.example/org.example.ArithmeticAppFileTest.testExpressionFromFile(ArithmeticAppTest.java:56)
	at org.example/org.example.ArithmeticAppFileTest.testCase3(ArithmeticAppTest.java:79)
	at java.base/java.lang.reflect.Method.invoke(Method.java:580)
	at java.base/java.util.ArrayList.forEach(ArrayList.java:1597)
	at java.base/java.util.ArrayList.forEach(ArrayList.java:1597)
]]></failure>
    <system-out><![CDATA[The value of expression 1C  + 2D + 3F -          4E is : 3A

==== DEBUGGING TEST CASE ====
Test File: in3.txt
Expression: [1C  + 2D + 3F -          4E]
Base: [16]
Expected Output: [The value of expression 1C + 2D + 3F - 4E is : 3A]
Actual Output: [3A]
==============================

]]></system-out>
  </testcase>
  <testcase name="testCase5_BitwiseOperations" classname="org.example.ArithmeticAppFileTest" time="0.002">
    <failure message="Mismatch in output for in5.txt ==&gt; expected: &lt;The value of expression 00001001 &amp; 00001000 | ~00000001 is : 11111110&gt; but was: &lt;11111110&gt;" type="org.opentest4j.AssertionFailedError"><![CDATA[org.opentest4j.AssertionFailedError: Mismatch in output for in5.txt ==> expected: <The value of expression 00001001 & 00001000 | ~00000001 is : 11111110> but was: <11111110>
	at org.junit.jupiter.api.AssertionFailureBuilder.build(AssertionFailureBuilder.java:151)
	at org.junit.jupiter.api.AssertionFailureBuilder.buildAndThrow(AssertionFailureBuilder.java:132)
	at org.junit.jupiter.api.AssertEquals.failNotEqual(AssertEquals.java:197)
	at org.junit.jupiter.api.AssertEquals.assertEquals(AssertEquals.java:182)
	at org.junit.jupiter.api.Assertions.assertEquals(Assertions.java:1156)
	at org.example/org.example.ArithmeticAppFileTest.testExpressionFromFile(ArithmeticAppTest.java:56)
	at org.example/org.example.ArithmeticAppFileTest.testCase5_BitwiseOperations(ArithmeticAppTest.java:89)
	at java.base/java.lang.reflect.Method.invoke(Method.java:580)
	at java.base/java.util.ArrayList.forEach(ArrayList.java:1597)
	at java.base/java.util.ArrayList.forEach(ArrayList.java:1597)
]]></failure>
    <system-out><![CDATA[The value of expression 00001001 & 00001000 | ~00000001 is : 11111110

==== DEBUGGING TEST CASE ====
Test File: in5.txt
Expression: [00001001 & 00001000 | ~00000001]
Base: [2]
Expected Output: [The value of expression 00001001 & 00001000 | ~00000001 is : 11111110]
Actual Output: [11111110]
==============================

]]></system-out>
  </testcase>
  <testcase name="testCase2_DivideByZero" classname="org.example.ArithmeticAppFileTest" time="0.001">
    <system-out><![CDATA[Error: trying to divide by 0 (evaluated: "0")

==== DEBUGGING TEST CASE ====
Test File: in2.txt
Expression: [A00 / 0]
Base: [16]
Expected Output: [Error: trying to divide by 0 (evaluated: "0")]
Actual Output: [Error: trying to divide by 0 (evaluated: "0")]
==============================

]]></system-out>
  </testcase>
  <testcase name="testCase4_InvalidBase" classname="org.example.ArithmeticAppFileTest" time="0.008">
    <failure message="Mismatch in error message for in4.txt ==&gt; expected: &lt;true&gt; but was: &lt;false&gt;" type="org.opentest4j.AssertionFailedError"><![CDATA[org.opentest4j.AssertionFailedError: Mismatch in error message for in4.txt ==> expected: <true> but was: <false>
	at org.junit.jupiter.api.AssertionFailureBuilder.build(AssertionFailureBuilder.java:151)
	at org.junit.jupiter.api.AssertionFailureBuilder.buildAndThrow(AssertionFailureBuilder.java:132)
	at org.junit.jupiter.api.AssertTrue.failNotTrue(AssertTrue.java:63)
	at org.junit.jupiter.api.AssertTrue.assertTrue(AssertTrue.java:36)
	at org.junit.jupiter.api.Assertions.assertTrue(Assertions.java:214)
	at org.example/org.example.ArithmeticAppFileTest.testExpressionFromFile(ArithmeticAppTest.java:54)
	at org.example/org.example.ArithmeticAppFileTest.testCase4_InvalidBase(ArithmeticAppTest.java:84)
	at java.base/java.lang.reflect.Method.invoke(Method.java:580)
	at java.base/java.util.ArrayList.forEach(ArrayList.java:1597)
	at java.base/java.util.ArrayList.forEach(ArrayList.java:1597)
]]></failure>
    <system-out><![CDATA[
==== DEBUGGING TEST CASE ====
Test File: in4.txt
Expression: [8]
Base: [5]
Expected Output: [Error – this base isn’t supported. Please enter a base (2/8/10/16): The value of expression 700 - 12 * 11 / 6 + 3 is : 664]
Actual Output: [8]
==============================

]]></system-out>
  </testcase>
</testsuite>